# JRE version: OpenJDK Runtime Environment (8.0_40-b20) (build 1.8.0_40-b20)
# Java VM: OpenJDK 64-Bit Server VM (25.40-b23 mixed mode linux-amd64 compressed oops)
Heap:
 PSYoungGen      total 68608K, used 576K [0x00000000d6d00000, 0x00000000db500000, 0x0000000100000000)
  eden space 63488K, 0% used [0x00000000d6d00000,0x00000000d6d00000,0x00000000dab00000)
  from space 5120K, 11% used [0x00000000dab00000,0x00000000dab90020,0x00000000db000000)
  to   space 5120K, 0% used [0x00000000db000000,0x00000000db000000,0x00000000db500000)
 ParOldGen       total 508928K, used 493147K [0x0000000084600000, 0x00000000a3700000, 0x00000000d6d00000)
  object space 508928K, 96% used [0x0000000084600000,0x00000000a2796fa8,0x00000000a3700000)
 Metaspace       used 3177K, capacity 4562K, committed 4864K, reserved 1056768K
  class space    used 321K, capacity 386K, committed 512K, reserved 1048576K
GC Heap History (5 events):
Event: 0.832 GC heap before
{Heap before GC invocations=1 (full 0):
 PSYoungGen      total 36864K, used 31744K [0x00000000d6d00000, 0x00000000d9600000, 0x0000000100000000)
  eden space 31744K, 100% used [0x00000000d6d00000,0x00000000d8c00000,0x00000000d8c00000)
  from space 5120K, 0% used [0x00000000d9100000,0x00000000d9100000,0x00000000d9600000)
  to   space 5120K, 0% used [0x00000000d8c00000,0x00000000d8c00000,0x00000000d9100000)
 ParOldGen       total 508928K, used 493108K [0x0000000084600000, 0x00000000a3700000, 0x00000000d6d00000)
  object space 508928K, 96% used [0x0000000084600000,0x00000000a278d348,0x00000000a3700000)
 Metaspace       used 3166K, capacity 4562K, committed 4864K, reserved 1056768K
  class space    used 321K, capacity 386K, committed 512K, reserved 1048576K
Event: 0.847 GC heap after
Heap after GC invocations=1 (full 0):
 PSYoungGen      total 36864K, used 528K [0x00000000d6d00000, 0x00000000db500000, 0x0000000100000000)
  eden space 31744K, 0% used [0x00000000d6d00000,0x00000000d6d00000,0x00000000d8c00000)
  from space 5120K, 10% used [0x00000000d8c00000,0x00000000d8c84010,0x00000000d9100000)
  to   space 5120K, 0% used [0x00000000db000000,0x00000000db000000,0x00000000db500000)
 ParOldGen       total 508928K, used 493131K [0x0000000084600000, 0x00000000a3700000, 0x00000000d6d00000)
  object space 508928K, 96% used [0x0000000084600000,0x00000000a2792fa8,0x00000000a3700000)
 Metaspace       used 3166K, capacity 4562K, committed 4864K, reserved 1056768K
  class space    used 321K, capacity 386K, committed 512K, reserved 1048576K
}
Event: 0.959 GC heap before
{Heap before GC invocations=2 (full 0):
 PSYoungGen      total 36864K, used 32272K [0x00000000d6d00000, 0x00000000db500000, 0x0000000100000000)
  eden space 31744K, 100% used [0x00000000d6d00000,0x00000000d8c00000,0x00000000d8c00000)
  from space 5120K, 10% used [0x00000000d8c00000,0x00000000d8c84010,0x00000000d9100000)
  to   space 5120K, 0% used [0x00000000db000000,0x00000000db000000,0x00000000db500000)
 ParOldGen       total 508928K, used 493131K [0x0000000084600000, 0x00000000a3700000, 0x00000000d6d00000)
  object space 508928K, 96% used [0x0000000084600000,0x00000000a2792fa8,0x00000000a3700000)
 Metaspace       used 3173K, capacity 4562K, committed 4864K, reserved 1056768K
  class space    used 321K, capacity 386K, committed 512K, reserved 1048576K
Event: 0.962 GC heap after
Heap after GC invocations=2 (full 0):
 PSYoungGen      total 68608K, used 528K [0x00000000d6d00000, 0x00000000db500000, 0x0000000100000000)
  eden space 63488K, 0% used [0x00000000d6d00000,0x00000000d6d00000,0x00000000dab00000)
  from space 5120K, 10% used [0x00000000db000000,0x00000000db084010,0x00000000db500000)
  to   space 5120K, 0% used [0x00000000dab00000,0x00000000dab00000,0x00000000db000000)
 ParOldGen       total 508928K, used 493139K [0x0000000084600000, 0x00000000a3700000, 0x00000000d6d00000)
  object space 508928K, 96% used [0x0000000084600000,0x00000000a2794fa8,0x00000000a3700000)
 Metaspace       used 3173K, capacity 4562K, committed 4864K, reserved 1056768K
  class space    used 321K, capacity 386K, committed 512K, reserved 1048576K
}
Event: 3.397 GC heap before
{Heap before GC invocations=3 (full 0):
 PSYoungGen      total 68608K, used 64016K [0x00000000d6d00000, 0x00000000db500000, 0x0000000100000000)
  eden space 63488K, 100% used [0x00000000d6d00000,0x00000000dab00000,0x00000000dab00000)
  from space 5120K, 10% used [0x00000000db000000,0x00000000db084010,0x00000000db500000)
  to   space 5120K, 0% used [0x00000000dab00000,0x00000000dab00000,0x00000000db000000)
 ParOldGen       total 508928K, used 493139K [0x0000000084600000, 0x00000000a3700000, 0x00000000d6d00000)
  object space 508928K, 96% used [0x0000000084600000,0x00000000a2794fa8,0x00000000a3700000)
 Metaspace       used 3177K, capacity 4562K, committed 4864K, reserved 1056768K
  class space    used 321K, capacity 386K, committed 512K, reserved 1048576K

