# JRE version: OpenJDK Runtime Environment (8.0_40-b20) (build 1.8.0_40-b20)
# Java VM: OpenJDK 64-Bit Server VM (25.40-b23 mixed mode linux-amd64 compressed oops)
Heap:
 PSYoungGen      total 254976K, used 128K [0x00000000d6d00000, 0x00000000e6700000, 0x0000000100000000)
  eden space 253952K, 0% used [0x00000000d6d00000,0x00000000d6d00000,0x00000000e6500000)
  from space 1024K, 12% used [0x00000000e6500000,0x00000000e6520000,0x00000000e6600000)
  to   space 1024K, 0% used [0x00000000e6600000,0x00000000e6600000,0x00000000e6700000)
 ParOldGen       total 508928K, used 493615K [0x0000000084600000, 0x00000000a3700000, 0x00000000d6d00000)
  object space 508928K, 96% used [0x0000000084600000,0x00000000a280bc48,0x00000000a3700000)
 Metaspace       used 3184K, capacity 4562K, committed 4864K, reserved 1056768K
  class space    used 321K, capacity 386K, committed 512K, reserved 1048576K
GC Heap History (10 events):
Event: 1.176 GC heap after
Heap after GC invocations=2 (full 0):
 PSYoungGen      total 68608K, used 544K [0x00000000d6d00000, 0x00000000db500000, 0x0000000100000000)
  eden space 63488K, 0% used [0x00000000d6d00000,0x00000000d6d00000,0x00000000dab00000)
  from space 5120K, 10% used [0x00000000db000000,0x00000000db088020,0x00000000db500000)
  to   space 5120K, 0% used [0x00000000dab00000,0x00000000dab00000,0x00000000db000000)
 ParOldGen       total 508928K, used 493135K [0x0000000084600000, 0x00000000a3700000, 0x00000000d6d00000)
  object space 508928K, 96% used [0x0000000084600000,0x00000000a2793f98,0x00000000a3700000)
 Metaspace       used 3176K, capacity 4562K, committed 4864K, reserved 1056768K
  class space    used 321K, capacity 386K, committed 512K, reserved 1048576K
}
Event: 1.604 GC heap before
{Heap before GC invocations=3 (full 0):
 PSYoungGen      total 68608K, used 64032K [0x00000000d6d00000, 0x00000000db500000, 0x0000000100000000)
  eden space 63488K, 100% used [0x00000000d6d00000,0x00000000dab00000,0x00000000dab00000)
  from space 5120K, 10% used [0x00000000db000000,0x00000000db088020,0x00000000db500000)
  to   space 5120K, 0% used [0x00000000dab00000,0x00000000dab00000,0x00000000db000000)
 ParOldGen       total 508928K, used 493135K [0x0000000084600000, 0x00000000a3700000, 0x00000000d6d00000)
  object space 508928K, 96% used [0x0000000084600000,0x00000000a2793f98,0x00000000a3700000)
 Metaspace       used 3180K, capacity 4562K, committed 4864K, reserved 1056768K
  class space    used 321K, capacity 386K, committed 512K, reserved 1048576K
Event: 1.608 GC heap after
Heap after GC invocations=3 (full 0):
 PSYoungGen      total 68608K, used 528K [0x00000000d6d00000, 0x00000000df300000, 0x0000000100000000)
  eden space 63488K, 0% used [0x00000000d6d00000,0x00000000d6d00000,0x00000000dab00000)
  from space 5120K, 10% used [0x00000000dab00000,0x00000000dab84010,0x00000000db000000)
  to   space 5120K, 0% used [0x00000000dee00000,0x00000000dee00000,0x00000000df300000)
 ParOldGen       total 508928K, used 493143K [0x0000000084600000, 0x00000000a3700000, 0x00000000d6d00000)
  object space 508928K, 96% used [0x0000000084600000,0x00000000a2795f98,0x00000000a3700000)
 Metaspace       used 3180K, capacity 4562K, committed 4864K, reserved 1056768K
  class space    used 321K, capacity 386K, committed 512K, reserved 1048576K
}
Event: 1.957 GC heap before
{Heap before GC invocations=4 (full 0):
 PSYoungGen      total 68608K, used 64016K [0x00000000d6d00000, 0x00000000df300000, 0x0000000100000000)
  eden space 63488K, 100% used [0x00000000d6d00000,0x00000000dab00000,0x00000000dab00000)
  from space 5120K, 10% used [0x00000000dab00000,0x00000000dab84010,0x00000000db000000)
  to   space 5120K, 0% used [0x00000000dee00000,0x00000000dee00000,0x00000000df300000)
 ParOldGen       total 508928K, used 493143K [0x0000000084600000, 0x00000000a3700000, 0x00000000d6d00000)
  object space 508928K, 96% used [0x0000000084600000,0x00000000a2795f98,0x00000000a3700000)
 Metaspace       used 3180K, capacity 4562K, committed 4864K, reserved 1056768K
  class space    used 321K, capacity 386K, committed 512K, reserved 1048576K
Event: 1.961 GC heap after
Heap after GC invocations=4 (full 0):
 PSYoungGen      total 132096K, used 480K [0x00000000d6d00000, 0x00000000df300000, 0x0000000100000000)
  eden space 126976K, 0% used [0x00000000d6d00000,0x00000000d6d00000,0x00000000de900000)
  from space 5120K, 9% used [0x00000000dee00000,0x00000000dee78020,0x00000000df300000)
  to   space 5120K, 0% used [0x00000000de900000,0x00000000de900000,0x00000000dee00000)
 ParOldGen       total 508928K, used 493151K [0x0000000084600000, 0x00000000a3700000, 0x00000000d6d00000)
  object space 508928K, 96% used [0x0000000084600000,0x00000000a2797f98,0x00000000a3700000)
 Metaspace       used 3180K, capacity 4562K, committed 4864K, reserved 1056768K
  class space    used 321K, capacity 386K, committed 512K, reserved 1048576K
}
Event: 2.733 GC heap before
{Heap before GC invocations=5 (full 0):
 PSYoungGen      total 132096K, used 127456K [0x00000000d6d00000, 0x00000000df300000, 0x0000000100000000)
  eden space 126976K, 100% used [0x00000000d6d00000,0x00000000de900000,0x00000000de900000)
  from space 5120K, 9% used [0x00000000dee00000,0x00000000dee78020,0x00000000df300000)
  to   space 5120K, 0% used [0x00000000de900000,0x00000000de900000,0x00000000dee00000)
 ParOldGen       total 508928K, used 493151K [0x0000000084600000, 0x00000000a3700000, 0x00000000d6d00000)
  object space 508928K, 96% used [0x0000000084600000,0x00000000a2797f98,0x00000000a3700000)
 Metaspace       used 3180K, capacity 4562K, committed 4864K, reserved 1056768K
  class space    used 321K, capacity 386K, committed 512K, reserved 1048576K
Event: 2.736 GC heap after
Heap after GC invocations=5 (full 0):
 PSYoungGen      total 132096K, used 496K [0x00000000d6d00000, 0x00000000e6700000, 0x0000000100000000)
  eden space 126976K, 0% used [0x00000000d6d00000,0x00000000d6d00000,0x00000000de900000)
  from space 5120K, 9% used [0x00000000de900000,0x00000000de97c030,0x00000000dee00000)
  to   space 1024K, 0% used [0x00000000e6600000,0x00000000e6600000,0x00000000e6700000)
 ParOldGen       total 508928K, used 493159K [0x0000000084600000, 0x00000000a3700000, 0x00000000d6d00000)
  object space 508928K, 96% used [0x0000000084600000,0x00000000a2799f98,0x00000000a3700000)
 Metaspace       used 3180K, capacity 4562K, committed 4864K, reserved 1056768K
  class space    used 321K, capacity 386K, committed 512K, reserved 1048576K
}
Event: 3.590 GC heap before
{Heap before GC invocations=6 (full 0):
 PSYoungGen      total 132096K, used 127472K [0x00000000d6d00000, 0x00000000e6700000, 0x0000000100000000)
  eden space 126976K, 100% used [0x00000000d6d00000,0x00000000de900000,0x00000000de900000)
  from space 5120K, 9% used [0x00000000de900000,0x00000000de97c030,0x00000000dee00000)
  to   space 1024K, 0% used [0x00000000e6600000,0x00000000e6600000,0x00000000e6700000)
 ParOldGen       total 508928K, used 493159K [0x0000000084600000, 0x00000000a3700000, 0x00000000d6d00000)
  object space 508928K, 96% used [0x0000000084600000,0x00000000a2799f98,0x00000000a3700000)
 Metaspace       used 3180K, capacity 4562K, committed 4864K, reserved 1056768K
  class space    used 321K, capacity 386K, committed 512K, reserved 1048576K
Event: 3.596 GC heap after
Heap after GC invocations=6 (full 0):
 PSYoungGen      total 254976K, used 576K [0x00000000d6d00000, 0x00000000e6700000, 0x0000000100000000)
  eden space 253952K, 0% used [0x00000000d6d00000,0x00000000d6d00000,0x00000000e6500000)
  from space 1024K, 56% used [0x00000000e6600000,0x00000000e6690020,0x00000000e6700000)
  to   space 1024K, 0% used [0x00000000e6500000,0x00000000e6500000,0x00000000e6600000)
 ParOldGen       total 508928K, used 493167K [0x0000000084600000, 0x00000000a3700000, 0x00000000d6d00000)
  object space 508928K, 96% used [0x0000000084600000,0x00000000a279bf98,0x00000000a3700000)
 Metaspace       used 3180K, capacity 4562K, committed 4864K, reserved 1056768K
  class space    used 321K, capacity 386K, committed 512K, reserved 1048576K
}
Event: 5.131 GC heap before
{Heap before GC invocations=7 (full 0):
 PSYoungGen      total 254976K, used 254528K [0x00000000d6d00000, 0x00000000e6700000, 0x0000000100000000)
  eden space 253952K, 100% used [0x00000000d6d00000,0x00000000e6500000,0x00000000e6500000)
  from space 1024K, 56% used [0x00000000e6600000,0x00000000e6690020,0x00000000e6700000)
  to   space 1024K, 0% used [0x00000000e6500000,0x00000000e6500000,0x00000000e6600000)
 ParOldGen       total 508928K, used 493167K [0x0000000084600000, 0x00000000a3700000, 0x00000000d6d00000)
  object space 508928K, 96% used [0x0000000084600000,0x00000000a279bf98,0x00000000a3700000)
 Metaspace       used 3184K, capacity 4562K, committed 4864K, reserved 1056768K
  class space    used 321K, capacity 386K, committed 512K, reserved 1048576K

