# JRE version: OpenJDK Runtime Environment (8.0_40-b20) (build 1.8.0_40-b20)
# Java VM: OpenJDK 64-Bit Server VM (25.40-b23 mixed mode linux-amd64 compressed oops)
Heap:
 PSYoungGen      total 132096K, used 160K [0x00000000d6d00000, 0x00000000df300000, 0x0000000100000000)
  eden space 126976K, 0% used [0x00000000d6d00000,0x00000000d6d00000,0x00000000de900000)
  from space 5120K, 3% used [0x00000000de900000,0x00000000de928000,0x00000000dee00000)
  to   space 5120K, 0% used [0x00000000dee00000,0x00000000dee00000,0x00000000df300000)
 ParOldGen       total 84992K, used 4818K [0x0000000084600000, 0x0000000089900000, 0x00000000d6d00000)
  object space 84992K, 5% used [0x0000000084600000,0x0000000084ab4b80,0x0000000089900000)
 Metaspace       used 12736K, capacity 12908K, committed 13184K, reserved 1060864K
  class space    used 1492K, capacity 1570K, committed 1664K, reserved 1048576K
GC Heap History (10 events):
Event: 6.717 GC heap after
Heap after GC invocations=2 (full 0):
 PSYoungGen      total 36864K, used 4865K [0x00000000d6d00000, 0x00000000db500000, 0x0000000100000000)
  eden space 31744K, 0% used [0x00000000d6d00000,0x00000000d6d00000,0x00000000d8c00000)
  from space 5120K, 95% used [0x00000000d9100000,0x00000000d95c06c8,0x00000000d9600000)
  to   space 5120K, 0% used [0x00000000d8c00000,0x00000000d8c00000,0x00000000d9100000)
 ParOldGen       total 84992K, used 43K [0x0000000084600000, 0x0000000089900000, 0x00000000d6d00000)
  object space 84992K, 0% used [0x0000000084600000,0x000000008460ac50,0x0000000089900000)
 Metaspace       used 12727K, capacity 12908K, committed 13184K, reserved 1060864K
  class space    used 1492K, capacity 1570K, committed 1664K, reserved 1048576K
}
Event: 6.817 GC heap before
{Heap before GC invocations=3 (full 0):
 PSYoungGen      total 36864K, used 36609K [0x00000000d6d00000, 0x00000000db500000, 0x0000000100000000)
  eden space 31744K, 100% used [0x00000000d6d00000,0x00000000d8c00000,0x00000000d8c00000)
  from space 5120K, 95% used [0x00000000d9100000,0x00000000d95c06c8,0x00000000d9600000)
  to   space 5120K, 0% used [0x00000000d8c00000,0x00000000d8c00000,0x00000000d9100000)
 ParOldGen       total 84992K, used 43K [0x0000000084600000, 0x0000000089900000, 0x00000000d6d00000)
  object space 84992K, 0% used [0x0000000084600000,0x000000008460ac50,0x0000000089900000)
 Metaspace       used 12731K, capacity 12908K, committed 13184K, reserved 1060864K
  class space    used 1492K, capacity 1570K, committed 1664K, reserved 1048576K
Event: 6.821 GC heap after
Heap after GC invocations=3 (full 0):
 PSYoungGen      total 36864K, used 4849K [0x00000000d6d00000, 0x00000000db500000, 0x0000000100000000)
  eden space 31744K, 0% used [0x00000000d6d00000,0x00000000d6d00000,0x00000000d8c00000)
  from space 5120K, 94% used [0x00000000d8c00000,0x00000000d90bc6d8,0x00000000d9100000)
  to   space 5120K, 0% used [0x00000000db000000,0x00000000db000000,0x00000000db500000)
 ParOldGen       total 84992K, used 51K [0x0000000084600000, 0x0000000089900000, 0x00000000d6d00000)
  object space 84992K, 0% used [0x0000000084600000,0x000000008460cc50,0x0000000089900000)
 Metaspace       used 12731K, capacity 12908K, committed 13184K, reserved 1060864K
  class space    used 1492K, capacity 1570K, committed 1664K, reserved 1048576K
}
Event: 6.896 GC heap before
{Heap before GC invocations=4 (full 0):
 PSYoungGen      total 36864K, used 36593K [0x00000000d6d00000, 0x00000000db500000, 0x0000000100000000)
  eden space 31744K, 100% used [0x00000000d6d00000,0x00000000d8c00000,0x00000000d8c00000)
  from space 5120K, 94% used [0x00000000d8c00000,0x00000000d90bc6d8,0x00000000d9100000)
  to   space 5120K, 0% used [0x00000000db000000,0x00000000db000000,0x00000000db500000)
 ParOldGen       total 84992K, used 51K [0x0000000084600000, 0x0000000089900000, 0x00000000d6d00000)
  object space 84992K, 0% used [0x0000000084600000,0x000000008460cc50,0x0000000089900000)
 Metaspace       used 12736K, capacity 12908K, committed 13184K, reserved 1060864K
  class space    used 1492K, capacity 1570K, committed 1664K, reserved 1048576K
Event: 6.900 GC heap after
Heap after GC invocations=4 (full 0):
 PSYoungGen      total 68608K, used 4897K [0x00000000d6d00000, 0x00000000db500000, 0x0000000100000000)
  eden space 63488K, 0% used [0x00000000d6d00000,0x00000000d6d00000,0x00000000dab00000)
  from space 5120K, 95% used [0x00000000db000000,0x00000000db4c86c8,0x00000000db500000)
  to   space 5120K, 0% used [0x00000000dab00000,0x00000000dab00000,0x00000000db000000)
 ParOldGen       total 84992K, used 59K [0x0000000084600000, 0x0000000089900000, 0x00000000d6d00000)
  object space 84992K, 0% used [0x0000000084600000,0x000000008460ec50,0x0000000089900000)
 Metaspace       used 12736K, capacity 12908K, committed 13184K, reserved 1060864K
  class space    used 1492K, capacity 1570K, committed 1664K, reserved 1048576K
}
Event: 7.052 GC heap before
{Heap before GC invocations=5 (full 0):
 PSYoungGen      total 68608K, used 68385K [0x00000000d6d00000, 0x00000000db500000, 0x0000000100000000)
  eden space 63488K, 100% used [0x00000000d6d00000,0x00000000dab00000,0x00000000dab00000)
  from space 5120K, 95% used [0x00000000db000000,0x00000000db4c86c8,0x00000000db500000)
  to   space 5120K, 0% used [0x00000000dab00000,0x00000000dab00000,0x00000000db000000)
 ParOldGen       total 84992K, used 59K [0x0000000084600000, 0x0000000089900000, 0x00000000d6d00000)
  object space 84992K, 0% used [0x0000000084600000,0x000000008460ec50,0x0000000089900000)
 Metaspace       used 12736K, capacity 12908K, committed 13184K, reserved 1060864K
  class space    used 1492K, capacity 1570K, committed 1664K, reserved 1048576K
Event: 7.065 GC heap after
Heap after GC invocations=5 (full 0):
 PSYoungGen      total 68608K, used 4835K [0x00000000d6d00000, 0x00000000df300000, 0x0000000100000000)
  eden space 63488K, 0% used [0x00000000d6d00000,0x00000000d6d00000,0x00000000dab00000)
  from space 5120K, 94% used [0x00000000dab00000,0x00000000dafb8f18,0x00000000db000000)
  to   space 5120K, 0% used [0x00000000dee00000,0x00000000dee00000,0x00000000df300000)
 ParOldGen       total 84992K, used 67K [0x0000000084600000, 0x0000000089900000, 0x00000000d6d00000)
  object space 84992K, 0% used [0x0000000084600000,0x0000000084610c50,0x0000000089900000)
 Metaspace       used 12736K, capacity 12908K, committed 13184K, reserved 1060864K
  class space    used 1492K, capacity 1570K, committed 1664K, reserved 1048576K
}
Event: 7.172 GC heap before
{Heap before GC invocations=6 (full 0):
 PSYoungGen      total 68608K, used 68323K [0x00000000d6d00000, 0x00000000df300000, 0x0000000100000000)
  eden space 63488K, 100% used [0x00000000d6d00000,0x00000000dab00000,0x00000000dab00000)
  from space 5120K, 94% used [0x00000000dab00000,0x00000000dafb8f18,0x00000000db000000)
  to   space 5120K, 0% used [0x00000000dee00000,0x00000000dee00000,0x00000000df300000)
 ParOldGen       total 84992K, used 67K [0x0000000084600000, 0x0000000089900000, 0x00000000d6d00000)
  object space 84992K, 0% used [0x0000000084600000,0x0000000084610c50,0x0000000089900000)
 Metaspace       used 12736K, capacity 12908K, committed 13184K, reserved 1060864K
  class space    used 1492K, capacity 1570K, committed 1664K, reserved 1048576K
Event: 7.175 GC heap after
Heap after GC invocations=6 (full 0):
 PSYoungGen      total 132096K, used 4835K [0x00000000d6d00000, 0x00000000df300000, 0x0000000100000000)
  eden space 126976K, 0% used [0x00000000d6d00000,0x00000000d6d00000,0x00000000de900000)
  from space 5120K, 94% used [0x00000000dee00000,0x00000000df2b8ef8,0x00000000df300000)
  to   space 5120K, 0% used [0x00000000de900000,0x00000000de900000,0x00000000dee00000)
 ParOldGen       total 84992K, used 67K [0x0000000084600000, 0x0000000089900000, 0x00000000d6d00000)
  object space 84992K, 0% used [0x0000000084600000,0x0000000084610c50,0x0000000089900000)
 Metaspace       used 12736K, capacity 12908K, committed 13184K, reserved 1060864K
  class space    used 1492K, capacity 1570K, committed 1664K, reserved 1048576K
}
Event: 7.419 GC heap before
{Heap before GC invocations=7 (full 0):
 PSYoungGen      total 132096K, used 131811K [0x00000000d6d00000, 0x00000000df300000, 0x0000000100000000)
  eden space 126976K, 100% used [0x00000000d6d00000,0x00000000de900000,0x00000000de900000)
  from space 5120K, 94% used [0x00000000dee00000,0x00000000df2b8ef8,0x00000000df300000)
  to   space 5120K, 0% used [0x00000000de900000,0x00000000de900000,0x00000000dee00000)
 ParOldGen       total 84992K, used 67K [0x0000000084600000, 0x0000000089900000, 0x00000000d6d00000)
  object space 84992K, 0% used [0x0000000084600000,0x0000000084610c50,0x0000000089900000)
 Metaspace       used 12736K, capacity 12908K, committed 13184K, reserved 1060864K
  class space    used 1492K, capacity 1570K, committed 1664K, reserved 1048576K

